2019-08-01 load_from_excel.py[line:11] 调试测试
2019-08-01 load_from_excel.py[line:37] 导入并保存资料启动时间：2019-08-01 16:33:58
2019-08-01 load_from_excel.py[line:11] 调试测试
2019-08-01 load_from_excel.py[line:37] 导入并保存资料启动时间：2019-08-01 16:34:39
2019-08-01 load_from_excel.py[line:48] 导入并保存资料结束时间：2019-08-01 16:34:39
2019-08-01 load_from_excel.py[line:49] －－－－－－－－－－－－－－－－－－－－－－－－－－－
2019-08-01 load_from_excel.py[line:50] 导入并保存资料结束，运行时间为：0:00:00.051017
2019-08-01 load_from_excel.py[line:11] 调试测试
2019-08-01 load_from_excel.py[line:37] 导入并保存资料启动时间：2019-08-01 16:34:58
2019-08-01 load_from_excel.py[line:48] 导入并保存资料结束时间：2019-08-01 16:34:59
2019-08-01 load_from_excel.py[line:49] －－－－－－－－－－－－－－－－－－－－－－－－－－－
2019-08-01 load_from_excel.py[line:50] 导入并保存资料结束，运行时间为：0:00:00.070998
2019-08-01 load_from_excel.py[line:11] 调试测试
2019-08-01 load_from_excel.py[line:37] 导入并保存资料启动时间：2019-08-01 16:35:21
2019-08-01 load_from_excel.py[line:48] 导入并保存资料结束时间：2019-08-01 16:35:21
2019-08-01 load_from_excel.py[line:49] －－－－－－－－－－－－－－－－－－－－－－－－－－－
2019-08-01 load_from_excel.py[line:50] 导入并保存资料结束，运行时间为：0:00:00.045998
2019-08-01 load_from_excel.py[line:11] 调试测试
2019-08-01 load_from_excel.py[line:37] 导入并保存资料启动时间：2019-08-01 16:35:53
2019-08-01 load_from_excel.py[line:11] 调试测试
2019-08-01 load_from_excel.py[line:37] 导入并保存资料启动时间：2019-08-01 16:36:44
2019-08-01 load_from_excel.py[line:48] 导入并保存资料结束时间：2019-08-01 16:36:44
2019-08-01 load_from_excel.py[line:49] －－－－－－－－－－－－－－－－－－－－－－－－－－－
2019-08-01 load_from_excel.py[line:50] 导入并保存资料结束，运行时间为：0:00:00.597154
2019-08-01 load_from_excel.py[line:11] 调试测试
2019-08-01 load_from_excel.py[line:37] 导入并保存资料启动时间：2019-08-01 16:37:17
2019-08-01 load_from_excel.py[line:48] 导入并保存资料结束时间：2019-08-01 16:37:17
2019-08-01 load_from_excel.py[line:49] －－－－－－－－－－－－－－－－－－－－－－－－－－－
2019-08-01 load_from_excel.py[line:50] 导入并保存资料结束，运行时间为：0:00:00.642057
2019-08-01 load_from_excel.py[line:11] 调试测试
2019-08-01 load_from_excel.py[line:37] 导入并保存资料启动时间：2019-08-01 16:38:36
2019-08-01 load_from_excel.py[line:47] 导入并保存资料结束时间：2019-08-01 16:38:36
2019-08-01 load_from_excel.py[line:48] －－－－－－－－－－－－－－－－－－－－－－－－－－－
2019-08-01 load_from_excel.py[line:49] 导入并保存资料结束，运行时间为：0:00:00.657906
2019-08-01 load_from_excel.py[line:11] 调试测试
2019-08-01 load_from_excel.py[line:37] 导入并保存资料启动时间：2019-08-01 16:55:09
2019-08-01 load_from_excel.py[line:11] 调试测试
2019-08-01 load_from_excel.py[line:37] 导入并保存资料启动时间：2019-08-01 16:56:02
2019-08-01 load_from_excel.py[line:11] 调试测试
2019-08-01 load_from_excel.py[line:11] 调试测试
2019-08-01 load_from_excel.py[line:11] 调试测试
2019-08-01 load_from_excel.py[line:11] 调试测试
2019-08-01 load_from_excel.py[line:11] 调试测试
